0
5256
3646
10260
63897
11576
33515
0
106138
6223
88723
14018
187378
72027
47506
7293
55125
283265
79451
50320
344272
92681
0
364244
553394
49666
26145
295230
97788
220691
435580
50831
88355
290033
0
245538
5886
184406
105278
391348
1664911
1621547
40737
797147
658610
122855
678592
226062
313355
1052261
716402
1201071
75271
100428
1085328
43277
83622
223682
186856
465250
1121898
0
370228
1018275
9583
910674
1873650
175401
3303162
102318
8667
288271
456034
189009
483829
418072
214722
1128874
230474
989958
113553
3409986
527681
924390
1803063
2007321
103026
166476
672781
108046
359113
1542609
261852
1033916
1627733
1450432
558600
787655
177217
1515709
682383
4088403
2602234
2983634
72007
114474
2962525
720185
1957759
1410023
304540
265227
469748
1050688
4340023
329992
327971
36181
332527
2916647
145426
726259
1945868
1427488
5901
624967
145072
275626
1967736
902486
2973631
32606
86911
129065
154906
259414
2253612
2697559
41781
255887
15972
1548148
2682873
1662165
2175751
620674
162868
560708
1538716
487452
6080406
1783697
6142
4108381
896461
438299
7855272
5852380
1341091
2193169
2885111
2342683
1289568
1881757
1405436
4461833
397020
347592
588817
675699
234444
763268
1435672
73390
4175927
2047766
613792
3339277
2061475
5975126
1841595
2463295
988635
851069
647529
396101
2712819
1282909
1551207
474789
1530154
41660
1172374
160726
787580
2473628
227954
2464888
76218
1942149
1353019
105230
5448986
3392017
311732
3377734
3961615
478603
2581391
1299692
6271211
436485
254041
95479
7023230
258188
2593362
4601524
82796
96116
2333571
360903
1523894
5550388
1118998
1951261
2317282
1809255
1555317
5484476
1927638
1172509
3744555
1003559
4728570
65378
2199872
1734074
2132504
2416327
1493339
1188348
923800
909087
254833
345745
188877
135641
254
213933
0
1293856
511934
8980990
2905131
1463903
638263
4419524
968054
1515826
174233
4247130
289892
3966524
5185121
3366757
167035
561530
382319
4113202
3800105
168540
2314221
716830
577030
264746
1728987
5917305
469465
355166
65410
1732650
38728
2064253
7577
752751
436361
7037801
408400
2002884
1132536
9084391
228607
2918796
11221401
821939
12476590
151282
5408772
64652
3461294
674553
36131
2569403
603328
797085
693050
1979631
1050694
3169189
2576864
3037
2575168
6492453
92649
254939
3663620
1276556
297991
9737008
2339578
2025229
11326404
641282
5188192
825587
1446166
312984
2102228
2348339
2036583
3355778
5005368
1624065
1523
1338983
4560352
3706041
12319001
309193
182677
3592458
1475096
8116197
6308883
1494561
20145
154159
1079146
6729913
2487093
4234441
2458726
97075
2614949
1680213
329754
1660903
2547854
2591117
775110
4027497
2371854
3903618
4308726
3740859
146219
10495487
1382336
53771
7093658
1104382
41887
5594100
953863
1019516
515784
987940
7556942
16738505
1766627
2278164
6861929
76283
2140239
569330
1386291
1987287
313680
1375967
855485
1762569
3788270
5425331
12635915
14009
7417540
10438574
3150184
3135177
2620937
2028414
8457537
15607
1190472
298817
527436
136193
670345
13829165
38358
81286
47986
584784
7175688
2014254
1323266
4807974
970184
2401938
3103930
1087738
5396318
5432978
1444241
4952073
6935810
3072303
19895397
209792
1613865
10725326
1588158
7128549
12054820
503035
1838
2336049
2065752
928295
1859287
1926456
5614834
12841408
1043635
8224265
7134801
1433384
199973
3365491
1510347
8090961
3666839
219128
953550
1035000
932061
207814
1007323
682653
2389017
48948
187786
6481703
448567
9293941
35478
340839
3908313
2970967
2017147
8576993
645946
22538364
1186764
4723338
14081873
2296410
10649304
9904708
80078
1168176
8601030
388629
13326507
8522083
5547527
89186
902675
4636242
10033245
3301120
1648064
3175489
13358688
3199575
1657187
405737
6166641
1470767
765263
22643411
528264
22530774
12082585
2777209
5105224
58457
2590871
3493699
4872094
4015431
6681888
3828643
30920
265867
3745240
138300
9681761
20377722
2201616
283595
1809457
11890932
7585243
4902839
12508281
2741112
3078690
2359112
2060434
14976860
7941143
2308386
327447
636017
2842167
324943
2085963
5072494
3135
2593281
8568070
2075680
1588440
4275963
327078
2371233
2369057
415727
7905531
3218150
9613897
2461203
6721190
5285199
359836
9857733
1574295
2297834
1885680
622198
25360761
208692
3990109
5488150
2106670
12071836
3434724
6426088
3981649
4384149
3391073
11602154
96758
6987036
4740499
415292
44327
758793
654168
4285546
1931
1726178
618158
14026343
511121
1316574
12588226
538197
1798024
13450673
282060
786440
6226270
3462525
17319430
8106888
20166682
4299482
6600
5347997
2238612
274607
5254337
465893
3166342
911403
844807
1862808
25526770
933220
6316386
1356465
8950215
5432355
2226128
1089366
482885
3631115
1469085
1153832
3720342
4525605
2928754
19291288
6514547
11357317
10179503
9317832
6485895
11047126
4924838
534156
4590417
5110437
6948731
6030662
3863791
1009086
1053862
1547752
13837841
1580808
417459
2080690
1558228
15205608
10542712
5473034
3067191
412077
824012
4216792
3764966
3504021
1656298
4780422
7425605
9396603
513422
14673701
8260138
10120143
14548548
4157152
19737024
2491142
2210341
1322194
7414041
20694049
622416
6174630
1977553
9191631
116287
428866
1456212
86341
4273083
4112230
6958333
18158910
8420160
1722376
7262647
18293270
7034239
729025
2872222
12780322
8486771
16830490
24056394
3357543
82695
318557
612065
3309642
3249284
1243630
3772941
6775567
7291296
4132971
345944
4198554
3147480
4455579
781368
1503550
7398400
6075670
6060021
173775
3569202
3679020
66459
17694275
9449710
4768010
7321781
4700087
4085248
27802800
6076429
1075812
388988
1861481
136489
80088
1303673
12985577
6015012
139095
9150535
6552172
2524007
3449675
4086550
8473850
19186756
5684486
7051219
4101889
541865
21473114
20601193
9392547
1065946
5400136
17464703
7968666
9213111
18346244
9977416
296993
11466398
2464718
10216705
16627
2668222
305870
131480
511127
1266602
16637768
5816759
2923240
4990180
601597
48560760
17719149
258705
4735041
471859
5994769
5046995
5275305
2504487
13742014
829549
20733126
2430586
24049
18939214
502967
8985811
2467041
689686
321772
4976098
3149483
2980409
1161656
8619166
2165825
7629589
738984
2969136
308448
3313385
3517324
5315287
8666222
1926677
370301
125829
1338183
1613243
1924143
2418594
7205207
807903
3568837
9329326
5775171
3180461
158027
362271
1710962
8592018
6404481
56944
2740189
35908912
1018072
913913
122779
10218269
8713352
3017911
5810625
1504536
931301
5019372
2686900
1501564
13396181
8310990
533051
5083387
2642776
752762
5463977
1718328
1920755
927059
9108379
18429453
6653022
16945815
27538401
7963887
3172741
903545
2251852
44065673
5823217
17453798
19343816
335758
19242686
6153741
873149
1329580
5914169
2869072
290439
3425684
29839426
1349635
270206
479142
20040392
9800089
1270761
21825010
1432948
3580396
1083845
1078808
1694417
25489461
329315
1025682
6237519
730783
5283127
16251557
520738
8153001
10506253
1113859
3310294
2409
2150953
16483885
11304440
19584899
1002097
285150
2013364
488842
15416683
8407248
19155256
135556
5796215
5809039
99501
1906193
5137039
2039809
9709234
23710866
20162
27615557
260226
1253002
3709538
9370976
111583
30291595
5762729
1830449
6837805
3152414
8019265
997452
6028295
9981509
5514160
2557720
12426665
7494346
29241387
16053543
49408816
7162384
13642573
15310162
1881559
7143751
415896
2035816
731698
20396282
19825897
8772646
2858466
4066231
17272496
8905916
1242990
327525
583063
8123478
24334747
10253144
4787307
677298
1408516
15131654
28240513
51373712
4545972
4531095
4829186
4782013
13626650
1356008
3218003
1113330
11146500
405895
9070397
482127
2487201
6670008
787501
418080
12681060
3301867
11631798
566800
3876565
3497463
20578181
19262265
10638040
3900163
3235694
20605524
140296
10072483
1414205
8351348
3372375
27956296
910509
40642933
209049
44332006
983186
31519620
16956463
742144
259268
25068394
29847959
16372472
20724100
18468904
49472
4398484
6720006
6799846
2929775
21564520
4079818
7128550
48777293
454584
8674855
1377895
273814
11575242
6534284
3744026
16137709
2686469
2207014
14270811
3374897
1034072
2553165
3003365
183132
13788720
22516551
14275343
6890958
9511654
9023235
3413748
13570643
22793828
635476
258724
9671483
647015
3376428
1929131
20465830
2915787
10350715
40652586
20420805
20380639
9025523
13080014
85158
5138755
1324256
24987886
7678190
1693868
5225227
25220095
3994792
2948205
7273869
1578823
9335243
22142414
10973283
10931253
6022124
4101273
3852932
1805774
8867815
11918044
14646477
21168372
1135750
9257637
32849377
38044222
25381789
26972909
6449190
5334251
20592755
4085957
29428152
45679315
4422025
3005490
4146711
19814972
2090621
5618837
6760229
4181134
465037
12074913
922351
1968935
8063273
12662180
5516942
63813
9563723
15505666
1399770
4419199
1678873
3730523
7368483
19758335
8672074
1466381
2974147
10857333
26952918
21133881
7415713
5131625
13754359
4621115
11590419
1857703
601469
11240419
14161823
13973855
7026855
2456090
12996018
8637671
6294803
1212807
8599982
5546888
12242619
1368340
9129466
34365324
2632601
13485536
13192538
14893358
7157509
13870386
15827810
1834771
5404051
1638450
2192262
4639158
8960652
9363592
752029
3742498
143433
22730854
16011728
1211190
654439
8625954
1945747
53203362
262249
16638192
34982806
2475199
1516629
897487
23332373
3831877
9298328
709558
168534
1176500
1467538
27915089
832922
17603631
13625524
47026
20015529
14744223
3226652
13244838
2327708
13527198
1133140
733593
6658332
19791931
4761926
148686
17923456
3332031
8396027
14519740
42417176
2241305
1208631
4155479
9805496
10502405
5369527
35524046
1816407
2752611
30626295
3520148
6705727
5542283
10802052
8339442
26633381
4812521
8618571
10104094
2628975
5883547
620601
179873
18051086
276085
5294808
28385488
4119581
144770
34055833
6217626
1204633
5025364
4886631
12439087
11012421
3761399
3627095
616188
21708377
12799070
36864320
32412583
128903
21823972
667051
19575888
1999327
6932757
3594269
3670660
15125940
291765
14495459
3064908
12929743
1295559
23812338
42092
619424
387503
13327249
35285920
14631123
6640173
22400813
17520154
14247808
7923164
0
38707161
12228643
377309
7204538
459029
10205351
6847870
3983574
7252342
20430076
3444139
34553283
5686804
13123045
13090661
9860278
12205276
2865419
365558
2052013
28473188
391999
5103183
5101211
3603333
2436593
1395555
7836380
1771401
1040533
2502901
14355906
7837088
5846802
638812
9864624
4766729
353340
3538968
5223261
8645788
3163890
20025919
14936465
2426523
10419924
38790257
780678
4908050
65357161
33063
2615682
10101516
1037859
5396638
22223049
40467771
14079369
38622413
18713925
30145529
1216865
91280
4984280
2454480
386267
4007353
4561597
1391119
25339814
3348583
13610735
7363500
23232604
4952383
599658
3048000
1725173
6833074
20811574
37115
705201
2225373
25738275
20480025
566631
402463
27365626
678185
18247472
9774222
604666
1658479
16103873
2102666
4461272
23558158
21522401
3100779
12047297
7503078
6251847
26264592
9206331
31608887
3438004
5398751
18702519
30227764
102152
934714
3367773
20135043
8950543
2887167
1057134
24347650
3352357
26329287
30435472
1265225
17302590
1731065
9508586
476621
3887379
5813875
18016795
43437268
4856271
13793109
20842226
55539512
12150423
21913049
23101767
3445476
3550516
6172696
2347295
1463998
6864117
5888406
3919493
42665478
22256483
17604917
6887988
6879694
640193
908853
28486848
15164777
389831
5729580
6952702
3448952
12495725
7015766
24629288
10839651
8628552
14942991
13756736
11703270
12644867
37108273
17332297
821964
5729783
937477
6696861
1727616
2285957
2335776
29150184
32191906
1335259
6368692
18229646
17535565
9549633
1315182
20604704
18800212
2618033
8723915
504855
32666234
43747611
5552851
2466486
17918965
15386577
22115978
14047254
231287
2295063
58928272
23176340
18596763
1817973
22220102
3647769
9168798
3118552
5439693
9574257
11022016
6448999
1408369
8736817
40449949
898999
436717
5582981
5248820
5235369
43490693
11966167
9076002
7528260
13213553
20183227
5802618
18198250
15353005
4584730
13791383
62818027
1001927
5716140
3314524
7321538
335878
9289960
30885403
7199391
16249529
19133491
10647535
10468926
21450121
16372540
28118241
6457171
93391168
6950435
4379671
6313818
6687677
805807
2520342
1214416
7794812
767392
2223318
2407039
23096992
22255977
9103960
1621473
882332
17503230
52880807
20337204
2214084
11780239
39984731
62596767
18743095
16968842
18814891
15853894
50086769
60869116
13353114
853561
23446923
13218569
18772665
212083
1028051
1281157
10164541
8305376
37585973
59523063
1156822
5615320
49801272
3348932
7896578
2093072
629913
710220
4450249
10185817
3906414
12449000
56389709
8010793
423589
16893302
7074088
11046279
44399049
7555828
17531203
18535850
28739546
5147254
9640723
12923506
50880353
24665898
10385265
26783542
6032566
1904452
31942673
25906123
2813193
8706145
873032
34553451
2127862
1913519
2047568
30819682
86961945
10154259
26512322
10841604
246374
2879875
1520574
755567
4559560
22191085
12644992
53066318
413374
774375
9819624
3349768
134862
25431232
9029292
8839634
33866676
4704743
3325531
9562932
597318
615820
3860610
15903317
9199159
15277896
6792918
7012757
3666487
16217274
5071066
1472230
26609195
298689
30125062
34785395
26124883
3607416
32871267
10670
107752
5011644
1867014
4167936
17914076
552251
4415612
8822780
27300580
249966
66356382
4628382
37847449
5044375
609890
23690004
24972953
28589946
5484135
34256677
7847029
27745756
9237316
1325604
2132650
7656867
12096094
5874389
42798
314379
613381
31253190
7563114
5710809
6581641
11868490
2894699
9998650
9849532
13362283
14186659
42760093
44978941
48022998
7596443
4143270
7097834
419799
180314
8739481
22532754
2662392
2881682
38501754
60118531
3201027
2719840
11015535
9216462
3119506
272595
1981760
727846
29189701
1610936
1456127
6906585
1117257
2399501
14315449
11836556
322251
9740347
24788236
2116033
779884
1134820
18842270
2437700
1753652
2311322
4255261
28454814
18349456
13491516
12184763
3608952
5469248
32650083
11934400
38487917
10080908
4414871
30821825
10161037
50280333
3724135
55371871
12680460
7533516
15213070
237477
7699406
30232053
20325234
898253
19980158
10777175
26712022
12358990
3821887
54509862
5253242
7943343
30884426
669974
14698931
68118
13091817
3599
13841980
4301310
74972372
32446038
4367814
8665043
13057395
1006713
11979691
36546020
74145586
61819898
1873309
2424755
3456222
63215583
9089181
1917961
145094
5241541
56827481
721228
17304869
17167370
31658108
6477027
8522357
806516
8753558
188991
575568
21818780
699295
0
39224224
443322
15131568
35587460
15181311
11130323
184201
14430473
21987258
589769
70600692
26720277
6701875
11777905
9655018
17110568
5642371
40003164
32026263
3215372
22612469
51354327
4920259
25456774
6880956
1704973
2018442
1649291
4535021
12310895
3373722
277937
28139326
30842120
13049804
11714429
498336
47112937
49467117
15946603
5387750
4500578
6254234
403340
4223348
5179520
478774
46080863
516481
25835067
3974750
9685568
3815932
42566565
3521197
26979970
12361681
1996480
9406672
20060254
527129
1651111
2002691
3837834
13817649
634896
43110813
736320
5217298
65428026
34711642
9935659
9148106
41714
26249183
20891102
2265766
847958
2881987
22325736
6666937
8518569
1187790
8721816
18716201
15211444
24822283
105240
2317523
1515426
13651989
10006572
3585961
30710273
8311482
27846974
34946056
46059442
2176709
39558687
479271
43999110
16321483
33777984
5304732
8989454
18171253
3663476
1857176
2853610
63041427
359193
11097372
56423196
22071685
20583708
14373008
6995503
1108376
3115795
24995065
1765552
18911500
11420152
17791380
41713413
964101
27232143
17037407
22449900
5197805
81009367
43594351
10075307
2676583
5045524
12003547
11476566
5188502
9452308
16529
119035258
5114238
9006465
14822088
30599356
4570212
2868176
12828437
27310212
6179636
40565673
58030347
77655
12792465
2819140
38386140
12611359
8065978
93972877
31806277
11143395
17842251
2428785
31115202
14808657
639390
23933730
56186986
8924476
372337
4245932
566689
10425749
38268330
16518132
15313574
1137380
10598816
78631037
1812962
14684557
4979522
2325539
477918
1917919
3147196
6150261
2513779
45340039
19425676
6096102
4366362
8825706
39161267
7409679
30248562
55893895
941489
4984406
861626
3156901
29295636
4376951
65275329
15632253
41932081
11940421
2514316
3986285
8845162
27178014
6453517
21295773
36484969
9638556
2555445
9006733
56188516
4066414
9197157
1946753
90785
6599471
50220572
703721
68544631
40956496
14838573
47940235
5087834
4105656
14638177
35663653
24233568
4802741
14451732
11528369
12991247
1264997
26551247
16285
1274442
10653945
12931976
97971
8224823
11428838
13317311
42335613
3512402
13408981
29681042
32945
303385
8165602
25920319
2022438
34156818
9348021
19132089
71187924
26864240
9432060
813359
79149383
30311298
16646104
7920498
104409573
5323957
22031737
10502678
8960667
20903128
18629585
4249679
18176086
7088088
1475387
48456158
2373283
15110493
57781072
7539561
36020959
22309218
5366304
17723456
2925407
6335590
9968579
51210093
17546906
17882428
10080116
3506144
51432598
5013473
23463907
32064883
26037131
13424802
4687593
12688921
2217909
9926551
23519618
8793901
6957604
18523142
12509641
51606551
4336392
1722344
18098401
31020665
8971361
50334802
26425753
6913641
3020221
1371220
31222484
17216962
47447774
2297245
15614742
5337204
18438802
835990
3661592
23919280
762035
17975328
20578457
8076034
1646069
8521173
4132722
6625102
260986
420535
18861221
22584101
11196612
30848782
13822770
6297201
56277027
1676484
26616197
23880516
7105422
13120403
2716470
12027943
964818
348108
18152526
3986805
1349445
1290695
15676670
22030541
914641
13358029
5059800
1893053
25608839
4461224
6468668
11435748
17948056
6619438
16191798
42881972
2017378
12786384
72708708
12087166
21277713
2027515
28902462
21318981
5618574
11084354
25604736
6364484
2426406
513054
31410841
815150
7446792
6518815
11790845
812906
52145356
28022719
37568311
13165035
12375793
244272
12606778
24118774
4887673
93800824
14105522
24935021
9501988
14005138
298687
119533057
22167632
30073953
14474648
5662263
630973
47831280
64513756
13800818
30541455
5530154
6710892
3525435
22220609
14502858
24268085
1818828
14289175
843328
26388183
3287878
4752930
63640185
5553474
31462660
3483893
34987935
50254513
34527647
36414105
6260225
3112981
447489
11525728
49201797
56474532
2980902
44318601
11550051
8625115
11802689
1009655
29717482
11843615
19099395
397624
965958
10660698
3022576
2294335
1299092
9754138
8069774
85964051
3564761
26021232
820598
22897462
415540
109119260
65551700
40521029
4045026
21000631
24200221
3464176
15878925
22805398
32302668
1964308
2333318
13306563
9202431
80190839
3748440
50274154
28163605
13079735
310104
12287376
979854
41004202
1381672
3094957
14803037
28043506
10744758
16618117
63774213
13191500
4532225
67812949
35871158
17153717
20960666
39037064
30115533
19068977
12660625
37008003
4086979
17350122
25499415
9127656
48785398
28496082
26063287
7185175
24802593
55683915
747260
31076140
46027660
15621951
9735417
14979503
44471503
33234520
243839
9428271
4808499
579597
28559018
28755251
130436015
6741445
974385
11291107
13851116
23171266
11440700
3246032
27699985
82215873
2930761
18673516
979439
12599805
42864903
12059701
3391254
2628242
29608105
1207421
11954336
30084746
13282063
7603340
7700038
16587445
15316339
45687025
12299731
32936597
19509780
4492796
52104150
7818148
8201901
116045138
5672564
835808
24250541
23501154
6746377
7080372
55836905
20552335
28684591
15844653
62465856
10611769
6371821
5539085
14304566
11010304
2884425
14798481
4803961
24861609
57084885
21454
5209043
130669687
57891506
36196556
53951729
34170338
11716636
19748113
49191800
19283907
21947793
14089670
31162042
246862
33300103
30653094
9653357
2529802
133442
17352095
10169660
17319662
4036359
11800991
2094610
24546604
2157426
11747560
45501750
3464867
1433462
16347458
1810798
18240705
18006646
325092
3614298
5726275
6507827
4339029
11308596
34286254
69381929
10872974
11518645
35197411
42836276
25442865
11230902
7574366
12316849
70294741
440813
23244999
1691804
4021372
6153629
14535864
657969
361326
17199865
12064643
60640718
4120933
17051097
29661797
9969433
3622218
21987391
5448042
156220
7404263
575887
43183341
5883862
24985762
12641498
20433690
1640028
46458124
14408051
18918021
36721842
22780016
26056688
44259030
20032162
66633363
29675116
5609144
89949685
42050016
3567813
2221978
2772948
31125338
1609787
1766227
23158082
18295254
128110
11400292
5990113
61720593
6495531
25327996
1821717
797514
5529374
1692070
53190614
3137165
2643810
12774249
1873672
8916811
6840120
4496079
68893508
1421497
62162755
18038025
3098049
27467723
13661607
30689986
61955410
71817718
16653569
1039124
14096220
1166319
11821035
9303565
95822604
1469235
1883623
10094765
20498606
26318088
5948341
1439588
4914713
146732
5375290
4316813
39053
4446688
8906106
8217792
7727150
10213499
14970714
33777606
9983036
123875246
82443766
1253686
85989
8976113
397287
23555137
66015395
8880
11891720
23362477
29395602
10344188
3648709
27793610
50227566
17793081
17874813
400463
31948449
16296225
36400415
9858973
11599404
44123197
1948627
144480127
6517797
4025879
1929288
20062404
243342
12977498
3789281
6979025
453330
37202763
6953175
27802272
904410
22356159
31889066
5996107
28944250
77098868
1032146
29394616
9660481
50864332
3659387
3822617
27868410
23425281
17898033
38015078
22277079
16343476
6920249
24284687
5610405
570715
1784797
56716744
38939520
10811685
14481543
224412
19689644
78949258
1287195
81736112
68163575
2334113
397476
19927883
13676392
7852331
10870592
23203513
51331073
63297119
39673003
31039668
18568437
1829586
33892881
18782564
101982480
2475738
3367208
13276648
3144956
30650650
13619526
36920138
17120475
7681131
37447149
447844
15445
13099684
74511173
22503194
34115929
3367670
62779333
1396931
5638960
7386983
42500876
11047416
9118215
2952527
5896219
1854628
23367921
2340325
13637343
667164
1883395
4705760
1585910
2915549
21765065
6834019
6350339
698942
30055777
41462
1119662
57658547
34235799
10299943
6411823
47459180
35137844
140510419
23451336
20650739
15563494
16122872
4706688
7158371
39487554
448643
2242873
42919562
25976858
18888028
53026781
44841990
8323536
17289334
1643530
73845812
6863960
28878853
509184
5906007
21552018
68750627
36334
21522370
110731
3063958
3577717
22410942
6537978
23014203
64251
1234502
9142013
52850857
8967706
54754181
2426951
36489275
1332342
11740999
21295659
57628419
4630769
2585415
13195861
11531744
507858
2749761
36351846
16856629
1548792
7301603
1817104
894374
26110571
4689449
14979765
41057744
15976125
5884342
37077036
7203494
4540470
22067443
18575050
6010184
1724996
35272221
46005731
15059668
15974820
11265855
4645494
84465239
906678
42310115
16149301
3186358
45162949
51193994
4616369
8675599
1390719
66869772
7877937
3261481
2789251
18300995
81672037
18073441
16921294
36841230
22251546
436537
9498907
350550
8688699
39832324
10070983
24518382
32881067
44790471
72113
20996206
22188827
52628166
25548938
27012635
6721090
7153939
19449751
33453081
29538688
17603551
14663256
1631893
74161192
1601260
14020008
77952359
31411074
889724
7097925
5908423
767233
6444713
48482878
45498969
29136788
16041514
7284481
6870491
5976501
15282126
4545587
2154162
23710646
13651976
7537833
30560490
12786719
11525294
947251
806690
4368959
2937700
30054697
8525076
10704332
32559040
20775526
10183940
385071
21282181
2512542
28922942
42270508
1264590
34215440
3393127
23202186
872346
167712
854529
39515557
28266051
2437691
71622929
32195856
18007598
27861487
817903
110027367
57504892
8621343
68252743
43339364
40021877
73969974
16059597
104881306
55782036
19281609
269809
33337717
7356053
19910862
49507447
5186685
22999452
8616695
45763
4242033
10014513
1849594
67748730
62890213
8190448
27119402
9728022
1714526
4098498
4531144
14922968
5766305
26151657
11231892
3791759
95176
15321847
1990632
7409003
7179141
29554280
12698532
2033248
1293183
84192696
6258642
27419348
74420961
52035534
37635847
51261569
7403683
4327039
23581574
69860742
4196672
13884256
9188878
24003017
26009178
2724935
145732683
11985806
12228152
42914144
3095093
7417447
1913269
8579718
1718577
3712368
25039108
6916232
39187998
27346152
2379393
10798963
73568027
3021950
73174080
37180911
31828262
1242676
2081969
4674742
7562166
1357200
16379909
61645809
54049457
13232361
11310738
15943497
27872978
511571
7268549
6929825
1072837
6013388
10336349
6729056
30230185
928495
5556946
15665490
23948434
2867840
136619150
18622813
17454109
14866240
5705037
5545978
4345042
8347837
9488311
3947310
26703444
7409678
27241364
39177240
5441643
13641860
17125324
7373248
16412072
7858577
2251688
4379768
52167514
2703347
61898770
35335368
2524075
5022418
40387287
11509192
3703421
31055628
27206455
8150795
2788080
88797075
40265
38924318
4681054
4726086
611394
1541477
4048040
1984917
1959612
1550435
15336946
16770697
45527164
6632049
2543841
15881094
689888
24226722
51102521
52464065
1879572
10802775
44979826
15094030
2300198
11750557
19268877
96983796
4094464
3423538
16869066
4909088
2586560
79321056
4310554
58128967
19119292
1123797
90115140
64178114
15309178
70327929
74909817
19957384
20123380
106297351
49804875
16404264
386061
1854739
70133815
59419002
22373476
130309971
3066130
376211
2369605
4382720
15281764
107483
18686421
22577112
31846172
6696144
12274326
9915721
27609773
55729186
8089203
26887938
7580390
5540563
28938658
7608769
3626099
20918606
17673874
16598419
2325751
1416570
2664463
8222439
10938603
5323823
1096290
45208019
32986373
2845839
21790018
26938357
12713832
7457957
1817171
348203
24947457
6907850
29478698
2622294
1409174
55436782
28530882
6314525
9917515
4825522
827712
9174129
115174684
32286329
24838779
142750146
57335420
7586189
14055568
202410472
2073439
20088372
54514965
61662918
18816561
55630474
13049942
6342530
31396208
59626404
8772782
50305346
8698675
17553291
7934191
2027181
70942349
6909434
37515800
18886209
11017736
14282009
34029170
53590674
13952445
32890884
69910029
15511790
9933632
3278892
4700157
6543476
41211558
7056138
33264747
65622426
2689678
8421737
447236
27976083
49248384
100685814
25629593
116316
98784641
4537359
37647158
7218296
22755747
6662100
142463106
7974633
32315429
5987698
26490505
528818
5937330
5441587
6821754
4527555
17690155
10391143
1449101
2646036
14969531
24394771
4686724
1181151
81004691
23822955
2618732
12023634
56867171
13689862
21087749
19829702
85574760
14761080
74880270
133673850
6229656
3561247
9540345
2408864
22423255
2266093
9926102
7730736
57868763
22334195
5037076
4191320
43150543
29611994
34200749
15373605
8724415
25658526
12705109
30079668
9152048
7461216
3379737
35944751
13704435
25897515
1483127
136364587
3060915
22509385
37901513
44266505
3811636
79859843
771290
89699155
7930840
84662994
13846744
1274404
6327189
29935152
2507692
4131671
49613697
4819399
38250096
213533
76901944
14762173
52586015
19588220
1763112
13985916
55338366
4704256
17328685
693368
1499252
16889670
3409950
8195126
37306454
11597069
73023088
40935938
62690562
4874950
800084
5637636
16969577
5044378
11070676
47207753
86584409
44557110
3812421
119060944
135109
1244067
13998448
3623857
27275690
2770732
22511612
21495766
33273341
41614063
23640989
44697090
24263038
71012018
18169059
28713075
26299841
9579072
113117570
3341089
76887258
81225595
51887909
76013181
9784407
418354
49715415
19798320
21435004
6964441
62698823
13254013
372115
272401
1112144
91180194
42162349
19643962
23890
103168131
2707793
97472678
30063337
79474139
968474
11576064
108425349
6404908
5100463
15911021
11711577
48917720
18321533
4222880
45720313
1501126
120582044
41484578
8886921
1970842
1493329
9630977
13255950
2729560
41841803
4025031
3151502
36933369
27028279
1767755
29898435
7152757
47569299
17659062
288290
1793158
64212016
1133638
50267336
116584
69415747
30893492
4848809
61204907
42304470
72319470
118245964
100758521
15950792
3368658
8493480
116583631
40170847
1812386
17401651
4699322
8888737
11905017
12145047
54151690
7343709
683784
1209422
34525963
858808
5100605
4977233
31333651
14339717
14725302
6701215
32555211
36255973
16374778
795610
66213124
41097752
28903230
14990372
92139786
667082
69703717
21688925
23705495
65004018
3116102
4831510
1068116
6128754
54903030
130388936
7102331
6825937
2084865
15105029
3392284
5774404
6221530
1712395
4716139
70279848
102351903
13123749
16786356
1914915
60619970
9429591
2719568
60340627
33148507
53729435
12592014
22735492
9346809
23792434
19495651
1913746
903036
41259741
25933852
5498733
28508037
2107473
2659604
5095421
26392848
513305
2651257
1949242
7237295
101591
239147
4185846
34208847
15007404
24510617
18534364
8402215
21136089
24302619
6565641
92818336
99160297
93903626
112666588
17326052
32030771
12457899
66696020
11419262
1414866
51855522
1765807
24794112
1966286
101564962
5169780
2875685
55135471
279298
56143157
9352939
51220403
56837521
2046011
7279487
7433316
2927267
88466383
42936442
24999547
1696796
1423789
7613553
2649392
202412
141291436
4923467
203827205
160535
59332621
47756355
59083264
24752633
3292947
26123828
25087406
73189628
59555596
6587485
19401810
24337774
4201
30089523
53906076
100043098
12074539
23222621
120250639
6233410
355111
32228831
2647560
2755229
30665716
899568
77454
9009047
11769815
50039364
20322840
4908006
113371
2039704
31654206
82715622
85504843
1987167
75442053
27319399
25976626
53765118
64085758
115060901
4657055
2379861
6707682
6554154
6602223
7394440
16299067
4627586
4220741
36434117
11080717
30663717
3616573
3448001
138127719
5964638
12953
34277319
32588871
18207784
62980239
47832539
122258072
12738127
1588525
3815275
11542260
205539308
60505465
1442034
9091345
83086217
3508362
10848419
20065564
1407951
92506239
59693134
16735257
1470187
155032519
8787527
58011641
3389812
7292674
24017421
11896606
13247159
14868327
1579981
38864378
9491006
2722062
105509648
3748060
962641
63609993
2650189
57711018
37204012
93573652
45925373
85536429
87534214
31442333
15367568
71017430
4712167
2168395
615999
17381640
1582727
31404230
34411976
849916
5027733
71577394
11115536
24928780
41282786
14429348
317977
6818064
55606613
52314740
3531707
1849911
71386480
5400560
46342820
21407913
23700798
23784383
4339115
1480619
15352518
106439347
21310845
24490641
10219457
838002
5363068
27643435
36093090
109954564
40483091
38521633
64056391
74667548
4372465
7817797
7448975
206106037
5722326
89002450
56486586
15921292
65309834
11280253
8614297
53954290
474707
23181398
45169646
4518312
34192251
57717076
36290066
13992833
9352379
52718192
28909324
3531384
12745694
21114546
4016399
4207107
2260265
14688996
21797158
118237936
31948711
17477048
14511210
63236597
46564064
2540188
31577296
21988459
11204725
12483993
34540642
28631410
46693922
18545272
17416414
15820984
134959746
17403574
28496919
37896616
61293900
2985488
2306794
2882282
15769877
73436618
33602003
29428254
565493
67042589
12278428
36621527
647911
7041547
23348573
36250586
32777
375798
912710
23659033
12867809
25179254
88692794
7783460
91314547
3698515
28572496
16283811
2328754
6600706
11775796
1139823
21226418
8582059
60385289
549441
67069052
15785340
5335869
80264449
2892674
5301910
4420259
124145522
5271237
134197764
58676347
22532532
157967656
738193
65305922
24968676
39453368
56120676
2716911
61408644
57226861
48416077
32809246
20580335
16444172
3327918
58722459
34536818
1968279
1405010
28527420
731984
8562539
22396068
8147263
15024587
829780
2143438
40863949
108500796
5290846
61595121
18732519
7419925
80302462
11913671
40417108
14364662
34146039
4822661
5026546
3929650
105086167
79057987
72384661
30724612
13282510
4927753
1882882
5766459
2546814
19585518
592903
30094517
28905977
3643643
16292195
3805769
52059129
47701917
2482283
13245202
27669076
4320781
3518867
6471370
97419402
19379772
138915913
12003305
42036061
149933478
3673952
28440590
23793952
37335078
25415520
21786159
26486626
11100603
11692247
35139179
21210356
23353233
14418442
64908178
25798012
2160232
49905812
10136486
39164528
11162290
27030921
9445726
12940852
13400581
4835350
115019082
16252401
72841469
45015180
34332200
30659090
7789044
103051305
135787707
427724
3276534
4343602
2950194
214461370
74529307
76170272
57016979
2363952
112268675
34138028
67522684
2606874
40783837
11894729
86377545
17076126
26515339
8191103
1389987
456013
7089025
15917295
48240633
7845844
55654102
33455942
15897061
1650013
45919127
165704864
32915842
351527
26815053
42429724
10125188
4102754
3929553
69372354
93429480
115911307
5589543
4732902
90900239
51080581
14024431
13307922
36362518
4109867
9644304
8272130
197779054
11960471
2819514
23553921
108256516
11231395
33406886
123919639
5389008
8273425
34286163
818672
18356802
28397817
14645587
16881060
348436
39022596
4985463
12853619
2373508
10192468
5860868
97329130
6638199
40090524
3768215
36724799
26308452
9684053
104497607
11629193
7734684
132553757
30795191
9699026
10540776
3847781
4666694
2639541
7817808
28438864
1414
3150120
10295611
18879822
26518139
18199737
112769429
50543816
6348160
38388795
4450075
4993469
40629596
6392497
6213196
1660400
33417065
47128169
2345219
73549002
18990013
95524367
30522355
4755938
43332247
20921257
7196053
9881291
46093306
13036742
6315319
8903688
14185770
71162971
14250141
6981906
115590035
193190
22699953
30511586
9466
36793738
12632222
62264694
2393737
60483931
47779538
17729997
32716630
14284787
31552410
49081452
434429
3215394
16067249
34138403
22832839
25655227
58659719
129264102
46583827
42880555
21883139
12670198
10153927
144028110
22486871
4453217
8010924
730870
8536041
129320241
8045332
158689488
25876085
131807383
92254467
7993438
193216594
18536335
100814428
92593456
79149
27053135
11843113
113216139
51740909
44334622
36269759
35302141
3787559
10819188
3087440
3760446
57629099
92387
65790174
16028341
8173844
13590822
4186415
32383354
10397543
2720280
129613052
68109764
317245
10717360
9375029
6183915
14337687
24266792
49744617
5792607
6462895
100766972
582754
40783329
31239849
55402572
2849449
9701248
4497187
131999310
15312625
3729550
9239205
4158167
86785600
21532693
22728637
11835640
37670482
8593539
1288491
13111449
5267936
26823773
107529116
191174025
14472
6377255
86148880
20430383
13993719
3383703
1990608
73628121
4757304
16630555
5601454
51169690
28490286
31596435
17749823
18461566
28584645
100314716
10266837
10492236
8894942
28891532
2751966
43224180
41445115
9360747
11844248
7872321
23828910
48233905
8889228
2343115
116664649
11224117
474720
50816825
154908542
149713708
1078611
32111105
2819923
39425757
39492161
169037165
220854
81277958
10817185
31695941
62646857
784796
11411900
9170104
23570593
36079439
52031702
8978648
7723263
12469562
55914433
7990046
2235652
12619777
40605656
1275699
99860226
4440760
18149162
5173517
11881367
55349293
17772134
100375879
16742163
92900120
2180626
34386591
31127184
9596897
17754460
1623214
7154695
76150213
39158896
88660005
55451929
36445983
19952022
30511948
3669647
11822066
85760390
24785963
16864989
13157756
14783835
32940562
105114818
88368086
26823299
14005750
42138123
59784947
31362093
139020852
21275613
20722758
19607149
60902851
14759021
45427300
4919382
13821713
39039376
1462688
16524561
32684893
4682842
1708686
18116784
51446471
14993049
18104943
80934488
443370
17979702
11271132
2294783
13174883
14223637
14829117
87429980
35512217
6314101
6945742
75259027
22887575
682306
122468732
30405693
8710846
10365398
115649161
40737802
9143108
7408824
2558729
14183235
53065115
38114377
92046102
24812233
21447493
9482434
7897945
1659159
35506018
62902753
21766412
42633784
781700
39109893
53529329
8549363
5655832
35835522
3221335
27260082
71137789
50199686
38429840
25206418
20847805
3692174
15226197
31739
65377732
2188061
6440035
118008520
18049486
31487234
12410274
222075
154349080
8535201
56242794
162197653
47663
4039644
34309910
8177481
3618947
9430249
2786389
6913964
4686931
31530090
6697663
26568005
9473366
6003474
5014749
33686137
633250
76163785
7542901
77130749
82946027
91574726
7420703
81569986
2795511
29345846
2607930
36341637
42134692
31515450
23364852
5492
10970729
15489532
13003412
13871502
1302880
24518154
15252880
462370
65258379
4821695
14534142
28340265
21844031
2287440
114675653
121479205
8684961
79346007
14551516
26229959
1803833
54736686
53125787
149946
47013257
816482
60317659
70777379
21811428
4403214
685741
682155
34107858
23609999
3092971
461980
7733998
23731210
53878957
14769023
3991274
2900067
16190437
3565945
2682974
17934390
44650976
2319419
7781576
27972166
140616659
8120153
1939679
24448011
55796671
43601150
10849321
62440861
8884598
12595481
4856817
727744
114056162
153685105
2047369
39157909
2310905
11326148
50151458
64052481
13442810
2221257
38372718
4255284
611087
64634992
76371485
26582397
14938377
120401231
7562703
712685
107491233
60886217
65025588
6150975
13875435
22043511
16339451
26252500
1686548
26587738
20135548
25914014
25283406
6403901
14017339
8170405
23756405
18623597
22548716
46540501
24312792
45039799
7030605
146244734
9999255
24195311
55040824
20811559
90512040
59825204
19736630
2957843
30113491
49241487
12564644
86808643
26106504
11569913
7773853
54127145
72480198
66730583
31682930
19236755
19552159
29657841
61248355
44780657
20615119
71279105
8522008
4986232
77657585
22089090
3346158
70343034
30009987
48249005
47692634
12202246
5864564
6937512
53722882
71843377
22207250
29474791
668010
4506688
35241556
65858352
42536540
52340124
47489874
5068851
25331816
32521837
156606976
10735571
55764096
109892086
34076577
2750291
5514426
76826881
2189822
31942862
48609054
22041748
6492043
197605316
27257889
54203242
27664
120372074
70176718
7888
40561488
830156
268623340
33153748
1957052
15233424
19354964
18831302
35590171
19134690
17800262
104427120
1001463
36084609
8556084
61741826
31623093
6705137
32211500
3626762
116920226
78689535
129709989
4213789
156412319
11218459
329994
10122946
7635774
732993
7516828
117750017
26321553
19429478
39007440
50940992
91505969
39612118
22600739
10777679
61968526
17563933
42941090
4872104
18817954
11240864
848427
7474682
4253268
37565532
23856551
37594764
48913586
2215881
8070855
79439236
133652339
3827240
8499348
22170068
35167368
52097218
22809767
782613
20671250
11308557
91457282
16003576
15692294
30069059
41960332
6287113
60514060
14490891
50305602
4014495
51763027
6004884
30667478
90042861
36254813
29873683
50633863
4117147
60549187
43450179
168188650
1804313
138089876
49747117
96817713
12469677
73770268
16669360
38297863
24675817
20000793
3297432
6742296
2405155
48525057
36644496
23690880
201643329
9425541
54969985
7460104
96101311
26367775
110844954
10119436
8258419
20750260
844195
5909590
15567884
30655926
7618138
1777951
77864418
51200613
19620727
56384868
144912592
4874686
20117031
20138484
3191785
74989057
87139550
13177192
137969797
17079641
608196
29885254
73742553
3925534
30266250
73242847
35315955
6277735
20206636
59630928
27887529
46449776
9832215
17254746
75569800
5103871
5636444
116029151
3528990
107773846
25903261
114553906
18755803
40741924
51740985
110529258
4425443
1055878
30843379
49966708
16565347
26172715
1901432
5480568
71754671
63593622
74845903
5949445
67152645
18356022
42400127
845171
48533892
18214795
50901623
40194
86799070
5116207
1804333
62936944
124650848
104540217
66239682
47754261
8834816
34010026
89522650
74263679
55309446
10003646
4002034
7930333
7938372
13097987
42203994
133724830
90426635
17631873
35967539
23022011
139450361
57607425
12676423
6968621
229700
17735787
49805296
28445493
40634230
30700752
127579473
129177669
12573082
26545630
35641060
43451961
81050058
17049917
10993620
89408681
158381599
216281682
156915123
70997902
116962350
16154210
137115882
34899557
8330694
33372532
8774778
7985505
45565827
1248649
174988847
1471506
44193823
37375154
9465788
24258118
64333158
28845355
31797591
749607
221217183
15962298
28346651
18508890
22943379
77704025
30424170
27825772
1021295
32807025
144494504
694809
7599813
34316468
17837006
29396878
39787797
1228345
8971174
81525144
20426940
113512097
15865729
4762959
6065172
19681631
44603132
4206035
71156185
34099546
11566135
37133600
81291499
15184545
30746838
111141933
85329677
7935273
141771414
16708850
36907251
41910499
1705861
82563510
457934
18386263
4968687
2159563
114782211
67838488
7372729
9327535
341222
11145216
2396281
43295599
158045155
7970303
44329072
47225174
1884179
917683
3374103
16135064
116813692
7343549
14676951
995050
9205260
36575479
6800196
5238977
27776545
20805349
12445630
99712483
11618675
29779931
76952135
13208487
9632115
25076094
56508634
17048640
9844798
5673189
16424053
118997863
9575536
219130624
12126738
32506797
23538285
19076457
292715091
36829592
2490740
5819618
224381909
1547832
10396153
38834796
73882528
15722088
111162059
82919404
2479022
277514
8852926
18581806
19750031
68478026
81998530
29464924
58466043
71398444
5106522
9753187
49955245
6869204
54115346
10840067
1024366
33853750
40121350
14469000
2380714
27578515
21897866
59553425
57289965
34094993
8193441
65814301
8736373
76392817
61389985
742985
531294
2023996
31142381
3390919
14927940
20017546
3428976
5309809
9640339
39796684
40732349
13111246
7451792
46234947
11237872
62375986
6599601
28303135
18649623
2779540
6929674
66206791
21707726
11270199
24607854
2489997
41490341
95069393
25202303
36193284
2614927
18787941
338342
6936460
69463796
15801752
239262
76999964
2464427
17587743
18714632
8762755
26868218
8603412
61984615
65049954
223826530
193862514
68374
26746229
4680037
4676950
39963193
114615404
22865424
31905994
1731473
25586953
20008616
12381982
53009334
43092797
5729326
145325230
57745575
71987013
1243182
14901638
80651674
8048024
21653226
4188358
75873457
5813416
13069679
3348168
26514049
98521651
21797623
36594129
1456080
16658449
37698605
39761720
63174518
21731014
3597724
10130251
174822800
44824751
36909456
29504081
20459964
4079437
34449056
1731810
8207586
237220
15283234
3414082
654190
7371059
13184496
4920566
2595810
1052029
20860156
77720342
7796890
55505652
58921316
31316330
37558438
9467356
3289437
16899801
11669073
98982555
1460836
18033109
84833514
456900
51769523
53357012
52250460
28767630
37323927
4410262
6544452
4769620
378741
6725309
1053351
40708417
56946386
96516790
149684679
11906510
25636615
505454
39842608
88135810
3224296
11898125
104104452
96384203
12641562
10330999
23774923
23918429
3221415
20990300
17681069
13134412
4929274
48452686
100239285
2315143
28133987
25373686
3740066
31526745
1581822
17343157
26662459
3954816
111974474
11314390
36223564
11358897
7931150
21755478
40605665
10531528
12632837
10550551
5730977
101431724
82974894
52485575
22080504
2923356
5381328
25844707
4871835
15494434
42381256
98567929
18806171
12932056
119226182
66019781
128834297
39194826
26787132
32804945
3031644
2411948
8635129
2678755
84839520
7132991
28374857
437714
24716947
117135009
27281586
19604558
73503283
22910117
140220463
34208080
19685226
858814
62089407
41091075
124039107
21262954
11969848
34731096
8229759
54622302
70085666
17451571
26398185
30031306
27252107
155848529
5696534
59271473
7732759
38148659
137622414
124209119
89814501
244943723
13278938
24829270
6163040
18729078
1818228
137774354
33806501
11485204
44924491
120942560
15537987
95283667
20625519
14974416
166710819
75892147
74848815
18979503
7764056
29383434
13556686
3022715
13966904
1575405
33411242
88067125
34542767
10113120
84716376
154972219
57720695
31469927
178110152
52638718
57408292
15214056
8137857
26906169
11891831
49332783
12136615
35486235
16728708
180705236
20957976
8003258
14079743
66855901
2118623
11668586
99355587
20091384
90837591
4056082
255891028
13012420
9527602
53444
17764923
2531574
13767969
68123365
8155222
25377872
25913214
265158
91248609
3102381
17703983
103646147
46172881
53796900
17317175
86301667
8765418
906427
101495138
25174126
9907966
12761927
13603975
3333081
6911924
2944981
25488464
21434502
60549148
19748078
54648716
22530814
66025446
9340375
6793839
28448394
31023767
30929869
127717243
1041171
16411380
13972554
820383
45327375
3445466
9600905
11485076
1887895
68333583
92878088
38931312
45045021
632129
78039074
35359940
72985255
83687668
6222057
62662724
307054
5726857
31027519
76285800
1238759
88158731
5521504
1797078
76320496
110286869
15162720
82173365
3990524
5793924
153290991
7420580
10972891
296168
14764560
2391271
72619750
13568137
13530133
5570916
5022496
7211351
107142
33972830
8091425
192821827
411216
98203321
4027472
35125232
48888326
173676295
42171300
50318780
51479612
64982674
47889763
19784296
2329026
115505637
63993401
49945402
17630887
9856406
172285180
38047003
9667797
129493820
97039538
275043639
60915432
37978242
43043787
53493808
85051498
3047314
2623801
2156966
10039208
84982400
49484239
25088377
4143272
17652286
12350772
18714953
20441378
315199
93381043
75454081
176260997
22213435
168221128
110848045
240430524
72436794
45776562
5562418
116053454
107655747
43115478
7036342
8113348
15678901
51997090
9226562
23423159
156902503
236501
3710517
76535097
53452506
1843613
88656861
14979023
44859504
46888148
49944207
447177
20730660
14984367
99417613
6242800
4468455
18145591
206553110
18814677
264470364
18968178
53438772
14492149
83596174
34871703
129881180
38758993
8651430
232129711
6797719
1177451
31598512
4192213
120023743
23294985
63909731
237567410
49316359
286406792
5855120
54942192
23084852
169905224
171754623
107447863
3004395
22241399
29714790
3377628
141485156
169751693
113157036
54305871
2757637
4619738
7390270
96496372
75257819
138184759
262723341
1415748
10252630
7669829
58130399
181292088
53964780
6524911
16958195
50083950
103230779
5188538
11626862
657640
35322820
128624748
8389276
818246
25883814
52663775
184073446
10375451
22015551
116710
46182076
112650083
7817923
37028202
22838650
37877958
2302585
177889187
38959306
151276629
22986761
67779984
112438196
28879760
64807601
11016731
1354072
31637468
17798279
65984
331910
34098877
46140001
35932350
123133739
18610869
7180249
140055509
184214015
18649775
92856950
1044453
33622729
15021630
22150875
922774
45719361
21259737
21620254
9916733
98172789
29137411
34104466
25991981
46141046
8148565
127775504
13560091
84949407
16051566
17611881
57706635
136027612
61219953
11784209
32526638
8467536
902171
2070016
27872776
96444635
241676
92402784
246891
16562204
102676883
75342042
13198069
26703380
26612707
22753712
13247136
105142124
39794544
221985734
63967285
32344257
2071811
9011518
58811818
14282199
18399376
4413916
7677369
45735641
4256552
9821575
70209333
13330659
7613146
15672568
16229855
73591985
94590300
7844089
3663643
6712606
46576717
15715774
21104222
8324044
52840043
48748040
56513055
1570738
51351862
196283004
222759226
23979739
64686593
93094852
2209952
24851956
143277615
5455369
150467925
15263210
229853
117980134
172707993
57508603
6910894
119350319
25291827
26888908
41718045
65954747
19057078
6706592
20700953
5003225
23497756
32311599
49091154
17045640
6416357
10900495
49149817
12963177
112577461
19867514
121912077
217778743
11671553
16392996
43933425
3882047
2621941
23089335
17815097
3452696
110983351
6214502
40074360
8043795
32590947
8418782
122694731
52991720
18105842
22224861
40740337
73815537
6362021
110461648
11221183
41082483
8118607
7290240
29651581
7271688
229006902
11024280
6615529
961985
6672945
50446374
7556647
20908052
10538949
115067793
536368
1241796
6551169
9969248
32215215
31942128
27754323
36670097
56914400
67998153
50927293
96314678
78087
171899186
193570
31918064
20976117
850204
20026957
19476931
8174271
6421915
23174458
164291880
97692776
42981251
2517994
7430132
32682237
93056270
95377068
5148785
13190602
1059925
152800388
22075979
13035063
36206507
2770625
56886787
29271549
65901485
58648726
49329639
5915203
14736276
856039
37721201
155195732
1361263
133670271
63910817
205126488
191210163
5858233
151970536
114039874
53529913
49771048
37608588
54573097
4778040
15828492
35906
8907971
43487684
40695278
22360201
22809775
43779534
1339174
96735489
18666595
1800632
52928671
963202
494714
48142626
113838676
62359997
53556402
10686495
119237816
144043018
27902852
32838773
500118
68574313
228432972
83678306
1558667
170408762
202465297
4615869
35784272
8034293
117614861
21115765
104774305
5023768
12871588
1703533
24072
14724656
16907433
25779017
31737085
13171599
36617965
112823214
3743541
3650848
61850738
17274073
61352166
6528660
60512179
221044
22496939
2301691
28398572
31759333
79211675
16255758
67094339
428503
31823559
10545683
24254792
81526084
3614725
8237536
98998921
12369365
182405605
54729836
43160547
14945603
112242766
19846459
16639094
91459671
17587878
114009
639173
32568882
30079486
9099086
41134889
30014985
117308910
127978215
42469517
35902928
28281460
17764330
25484048
71420303
19214940
137762809
64246381
1637531
16754595
21393412
10565622
4403308
24708111
114526813
42830594
32085264
193229348
22482009
238524423
218287884
32294410
11383490
2332819
4381993
101365941
39274632
762949
78953194
577188
15824344
42478038
4922421
26205182
19840140
28549632
29440083
209118422
31087407
7017855
27445116
54596166
98883433
14160690
202351282
222951418
83909088
76823050
147106441
44017299
54074
132158850
14944642
116436347
16195668
3106106
6458219
102444122
685099
3869819
10091161
160259880
32084891
4809675
85925265
3030411
15618901
205857560
28907949
21673487
111628241
26877229
87930189
19238752
53269269
125292462
24575016
15954505
53151973
12645577
18623762
1577718
80030173
50925890
40491293
140318081
15146881
4868613
3328418
5846939
53451802
87314980
10312004
42692148
21435193
50791607
103656
43724942
51464870
100330575
277460
176274449
550420
249453
119078803
16223142
23873106
7187957
10272029
3484190
139518949
3954471
9660815
6204298
13301609
7574357
14283096
52228140
22765970
225294815
90616366
61011723
17553268
10045909
34024266
55018072
85591132
246437
41618668
52702343
5670935
88754984
383319
44761187
11595533
30058673
703362
15637475
200731066
36056542
33008151
114565256
45324214
8773556
7984520
5478305
13567703
102003351
150003680
29915290
76082620
2227330
11755390
56635553
36626368
148297881
112197989
1025813
10212660
17022478
14324015
2825658
37311623
17591272
58130268
4012695
22758352
178490229
3627867
25406233
3813932
52386509
20263105
34645488
929500
24560634
6975137
191552546
70084431
14241389
3623153
1734846
26087858
32061590
84416617
46455407
1413063
7607867
9379455
28795726
25305816
31366802
15138390
1121319
49571178
22261934
22354264
771627
52695327
10747892
26731850
9586654
100085455
31123477
21812262
117637059
49809490
24874973
9148864
469825
155096
2791724
71743878
77740081
7064549
29811760
101558846
25123745
17767887
26615835
227617384
19724475
55440638
30106652
14973776
55460847
89215875
52799830
5476673
3357735
20312916
22199919
19063736
4751107
23475555
8919518
1370068
13180578
100688596
29038190
87348985
13458933
3147759
82424300
1817002
51662153
33963779
69768304
53574418
251017774
70094248
49491670
217330972
314552211
13619127
38473526
5085552
32771413
71022536
22680448
6747878
8720515
14971780
346042439
66781715
9474709
268115015
17036224
8462484
43173270
23240527
3627508
40375607
13678089
48925447
13627990
181686616
136374598
28969190
46626368
3830376
93505234
11322754
1613184
1344242
124418918
13469532
3412378
2058907
14830980
58538543
114023983
2744000
3073348
9487539
28537801
12748565
98890560
88569195
60343140
105742669
245425785
7478390
10537191
197507330
102683474
7885921
4778562
5020662
75864061
21361596
45507580
71372527
102248275
69110200
11475178
140457031
20471928
8997738
24664947
25081476
15188091
51320204
45692353
42667667
52254096
309973
46778878
10826660
9587914
62633803
3244818
37447854
16605889
22433544
68695745
23191386
23096805
60387262
8881875
74048931
30832340
2328852
16647127
224279817
26113591
42265099
100552702
76224783
1524115
98298
74971623
109465590
153863545
3872346
32122974
58042182
200318835
18955244
4329882
29977723
170509987
455655
58349271
58945271
15695101
28195348
123317608
152291586
48966431
91780329
69109534
1250340
27296037
11170846
44621270
395858
21268601
274925
5029883
11781056
27243760
17962792
4251817
80767103
25938729
56947379
2241504
120506472
56692981
19416622
6869221
123038669
82115020
14643591
72933174
26554809
23293145
16198986
31611822
21455954
13933603
10715367
9614129
1466422
12731539
1731214
18440691
26560866
162214018
8012119
20275268
51671366
0
11830865
19457248
2035870
140384169
16168359
57451883
84959336
62213535
8949459
1600110
81710784
14719860
21620036
226254921
222745762
37611438
4952174
36895183
2026993
383831
15815162
59777367
9299783
15370512
31451270
39326275
85972114
52676396
64367682
4368853
185730322
157268640
257564389
44156622
11299876
75879186
128626703
224652106
10149740
45207997
30621687
104996767
42520669
1166996
7443876
70612451
147211518
66605716
8204637
7588430
23985967
161090073
12996560
30879839
7730747
80019298
12142490
4108912
34993282
18761913
57846203
58149463
177482506
3043075
196112385
50693559
43167828
83565861
70278166
588616
19680902
7917733
13481903
10138726
3144597
226702635
21341234
139118941
3216147
29151020
100072
4137360
42162981
157843359
57777693
4978149
62479421
62792118
1133578
8754570
21867396
22214896
49393111
105142526
92584264
29886884
74984938
11477002
5314608
54250554
17919658
178491681
22418116
17884853
29358812
326306540
381051786
22306547
33822791
72935310
26916099
14157057
97976448
34039498
15463291
5764874
124907518
1081831
182146722
37322983
12454887
13782210
69644327
87684153
80775199
95277849
1230694
5843922
17647993
47574903
37556313
84360365
200927309
26293124
51350549
22229062
287362
8243556
14169899
7681031
3203256
2726870
27047735
17416238
14420277
107568132
34583540
589466
9072145
55252181
3605718
6125196
71236968
37213178
138527997
2520923
42101924
14110026
86205355
21961812
38795607
10315229
79756339
65318030
9641073
6532959
84862989
122411044
46176462
18489542
20000039
72681388
62171180
299823
107543956
107508203
26519904
75422553
201485899
98785492
25316318
9842687
25130316
41091859
8718332
2843910
21558972
42830909
5765191
55244768
36419148
545869
44219693
36386969
5918118
1379227
24859439
63213054
106200737
101002303
28622963
197181848
1756180
2099273
36391037
5975121
28672259
18764613
34221983
195490547
3663197
106136963
313392
13122426
1070118
100357935
12911295
66642571
79622534
23262158
37876981
1470147
35892808
2960037
24963438
2174296
45932448
6576982
31419835
3087027
183784910
1739917
27678096
198713843
10342767
16440024
19342255
21830311
70736805
119190165
138941759
96354528
181010
113836587
27721997
1297758
30505912
58318673
2589498
298201378
7405009
26735747
22244944
89541330
84299307
13866093
10640268
41958124
72529256
15258770
22062062
510100
5796504
12454256
19634603
8989588
90961605
15224157
129239731
77377366
2419917
22307519
64780766
6807765
104520236
85304437
672609
132373237
965606
63806367
14633696
78559404
13231300
120310898
4106020
213656236
8571057
95949513
73641622
122235803
195969031
9100980
79407166
27666232
1918700
13541137
0
1149532
135339523
176396
46203
77239273
62164950
216651975
751715
4134966
8803285
67149532
28523331
198290354
134392454
71846267
14207313
521564
3187630
49995576
95092219
143157349
1671981
81241387
14539087
22813214
22156238
5029641
45026918
4676768
1365666
79883691
18155797
80993997
10595738
88256082
246328
29923777
42791489
119540144
31277068
20076717
30308099
14109587
1867631
78562617
19105287
2126115
2125851
38357402
118122769
123494053
2086298
22201334
155796133
18402955
27629324
6085688
104227432
30021425
45508164
32649792
133545083
31225139
183398342
96438022
31755422
8970590
16090035
11898508
1252432
1112505
29560486
242065
7357262
1364702
123564523
23233391
217081509
116223747
5773729
5478587
55231536
13122657
13154091
40295546
88744267
351179
18349125
13030723
4931522
0
23055792
1915658
180084390
4822452
84668439
10401982
54643501
43237031
34569414
68132953
14359488
105478501
13243107
52682549
9551158
29814824
15862696
19323344
68777098
11450929
5450805
56339021
89351218
36610334
50486032
147096056
26117793
314316
25903162
73471980
5158773
173517676
11662735
83494326
51029012
102768071
3527113
150513722
127308962
46876626
27438535
111442001
51837522
743045
30929436
29357425
251904
553209
10005380
27789695
6368764
2967379
129291439
68687569
84033150
22980966
157910063
26170154
81068874
81297153
728766
7984893
9254353
26133512
40057335
3774257
30447858
34814173
55119591
101576844
73707226
124245418
1821820
24399273
6489069
74311884
1626116
15771537
6883670
103953815
33765075
77975291
69685023
5394307
42870200
19077012
361551164
33878573
32550400
288164
80996329
96864892
58818731
57190764
61973103
304116940
28755081
25159447
11452797
16823263
13122910
28096957
26279444
97821001
105906915
210694711
1356686
12655517
393251
220616856
95039200
43114555
19285947
13824637
18505697
46546254
31870223
159660965
4266786
63891453
30287117
15704964
73137738
224841135
1853620
43056005
3081506
13660995
4751201
1306873
8645553
88399730
48032321
4546126
87373694
40507660
16685305
136732788
11800746
143839213
210509426
85027561
111193989
114551306
271366826
13920551
38809606
2790851
19248724
37925721
9957208
21425230
73971731
1288288
150135057
1093164
46591901
160885203
67898806
262188189
11516474
1129113
114867980
110108490
391053736
25461004
60204388
108604441
59519799
3886191
5444172
6068032
21139200
10555764
74791958
3814375
94970
8467294
53851066
32937243
20183997
37343558
109815223
7744032
13055521
109669833
77208081
33164741
124034624
41270938
58064949
3040336
33198547
29278222
32044118
7078084
56800280
25058169
19184880
23407296
275975441
8059693
134002773
140076118
32404562
13849189
33276040
1972101
2158138
147578866
7802298
76714419
3997450
544226
149108861
39974605
284298195
56678
23162811
36933591
47639480
34208502
238399295
99906088
14754086
7545936
19352271
128726839
3546635
58116592
1874873
61271810
44324863
12159745
522289
3642131
77104881
50943478
30867270
213943215
78568823
60612816
6986937
5531422
12887794
26191127
2453528
44300173
143717483
13357675
23625314
11761073
269539696
1097487
43009274
60042187
5986502
85128185
3980715
10325369
96023028
4918571
8023207
9987969
13715192
12127934
19102779
107154850
34410977
11529050
5939683
67048354
5284416
3402769
2252581
24231198
48869350
71146899
75139221
16110563
326125
22087919
2783972
55842234
12952482
8090547
782565
18715083
11265958
145235120
32260824
49304874
26282496
110526266
107561772
39608263
4164388
20368078
11016648
40681122
3219866
78206817
6344064
47170290
101425326
5249492
430175
22990294
57790049
12728482
81677722
31599868
79875329
19581016
27271551
176259040
8334348
76974422
11548400
9444479
118589309
311211887
103290322
108665558
35560927
10250636
44191739
35800972
44389107
27884177
64504017
107715423
4912174
10456828
14135598
33251053
11149481
3036333
8612120
11116735
238685263
29607706
87197464
31477115
111708917
41354107
130608263
108737260
151669188
15798451
18759221
78236854
33297968
95359275
53224119
63322416
162332658
48512272
60447184
101030683
25583997
95291992
62543648
158059937
6055805
67390924
7642852
3998087
23464035
61638952
8425789
10173863
116797264
4877869
6696460
15046560
12379396
34419892
8838312
94994124
6547241
1555104
51772209
144686158
183534031
57097351
195711659
149227644
2241802
21611775
1437369
18190512
11437490
18354270
11300073
1221095
963051
128579472
7606147
225691607
27744296
124967622
5697171
33956520
24507242
221834810
11317264
249403
87869094
67342320
44802388
100227475
12726558
37241950
105455177
91644120
31096669
22565014
37536306
10078871
25936833
14022398
17267374
22897303
18518253
56987778
49738974
31196441
88568627
8110547
1666765
10615311
3774070
110457726
9987952
10959553
27331900
109484932
151790210
115137074
10815324
6127264
21553986
12582618
29435064
60814283
67312066
9154227
18016783
121180641
79140812
10109161
2679710
2341488
168341
17453630
116501
105766078
256624988
32492116
20177729
7348991
1429982
31574352
22127069
111881419
54859621
33936837
84783258
45531185
49951609
1026135
8469494
20304675
39350164
3836588
9550599
76619464
22227087
26594330
118022442
69547704
18910373
60451898
3094727
193712491
23596888
58901266
99548392
137165877
54100690
15227281
52856575
38895112
132781323
9831896
157864806
133895990
58115083
25645132
6423293
2842460
58011084
39083432
16503034
60877009
118675125
8107062
76162288
30351501
77727931
17559205
25694248
131768585
229226801
30996278
139887385
10234643
498513
1420977
57082012
69420928
117322096
42629733
68528205
14665570
45966696
112064946
192287281
21477035
4662837
601211
17414559
26554879
68520874
476100
58183725
8560010
232470785
268424538
25815169
18829708
43517360
36771946
3718979
139475444
114989242
28281442
225622636
299097399
47962593
34668836
15349733
16118975
80225994
292090298
36260217
82860970
55750442
109231515
138199520
153154439
17244192
3574160
2553412
191210258
3850780
69202231
192750
98078075
87121339
45890783
78267320
1368116
6056429
18695647
41782918
41221602
44632216
79169335
14371947
3184674
325905847
287572877
19314342
25839213
12739863
71906837
40748956
92952258
288095121
73591063
30498489
79417807
53569169
11841287
21741144
233118
103093433
314601
32157504
61197366
216677763
359565
22915598
18833844
74636970
168332321
115467697
134850319
4847180
693355
6289054
84607987
84006486
42609201
6978764
141908087
112654490
72666023
70399643
15404238
6553219
68878219
16800746
29934207
65717532
23113787
44542936
102692793
19476139
6662787
44462442
142114066
80771936
46864450
40497896
135966136
8246449
55138244
84734737
110567081
39905051
931355
33369160
40522436
158940606
18885368
13258385
156453517
11883076
48546836
4852421
61272856
132688435
98805360
128552801
81038747
121705398
155687276
29749014
67883372
3256194
21595003
12804367
8924855
5858714
211114674
30568032
7858352
6394635
217040890
1174520
595424
52635436
221620383
39736096
10544407
205468907
125395222
92540092
53905199
266846548
1192214
52557878
29318785
108556953
6367282
50531824
21112005
6775408
7213298
21638642
28921744
2012135
14670726
26347037
66634690
2210111
12735588
14756265
5228250
5054477
52320113
49405480
208432680
460084
5995802
159756084
148088939
54120739
213822938
15868625
172674519
43632850
8825322
10872866
8443592
14561256
76557749
277552597
2169101
2832142
42684155
32750325
180310063
90061436
100399860
348257
62062080
17086294
4705647
12362805
54819586
111754265
99226656
30952067
159524326
50220765
43767154
23879800
2546797
128890105
35698377
100807479
8532480
44857621
64906143
33662860
252368449
5840929
208919642
30648234
9024893
21538217
269840063
125756616
195274613
12459520
126377745
158653258
64352483
143040572
56061358
25694978
34141812
41460147
174152881
9657181
6966982
29283646
135478073
95127807
31018062
47329085
41904401
60933969
124826819
83930298
7366264
6623741
61051887
109930985
25433755
130637642
173952614
128255685
45313755
317580
61524756
143968230
27708891
110922810
35495872
31238739
56325274
175138949
199699266
128984460
15039435
19720624
162977340
36258394
370725
186351874
10315935
234431008
51994554
38638238
98291403
25008217
3890298
73798316
18640455
25569363
60881283
12929641
74482525
3738769
98956834
92120251
57965913
22310221
26528216
152386881
65609871
48158404
108847973
1808757
323683298
79217478
76581016
927184
64871912
49619600
114291153
40657474
246502756
67135885
52798194
55164283
37698640
80056789
108812163
28327178
11803642
85883853
119508454
162026037
7356229
53133866
93489793
249760961
39820840
28106160
2798576
18610342
40512046
32891420
61366461
1132524
4643744
7200575
3376172
7079622
68470459
21667112
37074479
51981556
49701659
79845874
6418279
12412584
12402694
395453058
28922935
49710088
56473609
45012
15171232
26527512
33392727
7508883
3741452
171297338
92822445
11985300
160176478
5142833
56935517
96680025
178169809
79383151
1331625
163548877
21240410
81577362
39403268
18874063
199014938
90506406
80484165
25153692
108751010
75846404
2606847
103805285
307940445
939331
20218177
74943
17232136
4996688
20927272
169490
75204320
17946646
12632409
163095270
41676381
32072730
41244091
5471506
1015409
2517974
117345698
43350979
100813807
7931741
9190368
27025125
4332332
80071721
109374803
16875773
25248275
12137201
232276442
5789102
51964632
1551050
60154260
14505319
61886370
5852136
11486726
34043605
228178627
66563891
1694035
197971961
72706280
155785706
10097563
17528645
13195744
38542091
27615345
13617653
7606773
2553340
27351642
2734907
59206052
374650567
131021039
3303113
5603379
552801
56398568
60685965
203811282
57188324
213531830
45019031
208069211
21825245
115365762
43512994
36870728
255109706
125096596
116083773
10621370
206252
21472583
467350343
4044836
89194782
43754252
249025320
2905730
92795865
114009697
3979171
8887475
6169456
61030948
19211468
4814204
61636795
20418860
173871641
24631422
86751167
9730116
158120613
3231953
19969714
77333083
65883117
3220584
22672276
40572987
260660123
71010669
50164668
163298423
28383339
2297688
141576621
27074688
14843274
15388359
89384188
4227960
301502952
33347791
18249119
2615706
88978302
5965366
7201939
59343758
172601708
35357885
282974492
978431
112658496
46511164
27505160
13268949
270200515
35607663
197392596
29627999
70977094
110184284
51575582
7469885
24615496
17601082
61158541
226790254
41958956
8554415
33315407
336167
89116
11735383
30413872
97853811
47588513
18635174
15332399
62917228
319430729
3062521
6731825
18616222
723010
133919032
67278803
30926615
174553991
1522518
104714328
37094989
29495857
164912499
21059789
124594936
1256549
99231978
102732484
14421176
8010398
27705891
157655558
27283600
16614672
95460
28327137
7654049
292907921
103499728
22923109
138210795
42706861
156882658
1418194
5887059
153340962
94055716
149860938
4721033
118170001
170963699
202155401
11238961
202669
13421697
2665576
123938163
65524776
81278386
272111317
45608792
194936
4384993
61980266
136884
17720890
1436633
190251572
46179240
791651
6614414
81605580
2173660
48399574
112646034
157874880
83013900
7961372
35438489
264979329
5311708
102497522
50360176
36011448
147553861
4658410
12000770
6628312
10491893
63066945
230541705
173987021
25949345
912921
20314015
6839594
348587148
120778641
27396725
6525010
103298287
57596734
156052993
4423032
138488481
11102632
19122156
49513495
12365571
157367323
84442127
20266815
14675380
3183999
65809639
6646321
111156457
57442980
22422444
24303533
87701072
9332370
108800807
104836520
13311137
5028385
19258149
19184971
12199776
22262470
14722480
319592042
79610406
17868699
12908632
155126058
148236258
98508382
7279004
35755626
140934127
45593577
1455811
10048846
12010198
3850538
97482254
24337043
8079457
142782961
17787857
179114760
74415089
49835884
59666448
27521242
16954141
115912562
116865399
200941998
171782970
105758311
23654821
3009997
95391756
107544960
11051397
33246811
80607212
10129175
125336
61522753
179994006
3178747
25714591
103949983
94153877
10043506
26505991
35259020
13138837
138125577
65404945
70953816
17168984
44536320
12001318
213989341
20433015
79957217
9864535
9404321
54607074
12079915
4145548
96634512
10311989
41152790
1049071
14350475
97233295
40167474
31966799
39442700
82054157
431782
3383959
430739
5638042
93047865
138930884
56839807
103296349
6717232
51918018
97481305
183691055
13841043
248748867
248701529
949270
14103441
5433822
111514373
16764408
22201249
16646748
4950008
49443679
34443257
7041335
82833975
70778895
306541940
10804577
2269334
39729964
110697753
126249607
8531904
112912926
51748134
13181963
54020276
52986404
119515526
35415677
37750276
60344088
129435759
52237486
24332643
110380094
201588799
133814348
74163634
33817748
767075
113591093
36751217
2272040
2733370
25889047
38379006
61627712
63096813
13445703
235914233
15356198
180060092
5134712
61580229
38544221
11914879
8143906
41873015
16027035
4340142
12569541
61190550
65925174
39256
4744827
17383151
37923700
17782882
24041237
83319985
126565102
125412586
88189286
4605265
192721462
242363499
18449629
35107758
212294390
3385596
63158571
48571366
62266360
28045649
80644727
25901024
145358548
5728111
23021246
9532698
13325637
36435375
38969282
17927877
45610212
20025607
19607530
57514708
77361843
3297289
199357
193582290
11495802
72562629
21759980
128754458
55127732
164911733
27214449
206729941
12257232
4826990
19330064
1474619
145645335
137212429
26461300
104967018
42879270
33946030
19545690
14750052
274054198
295279141
6711045
48502459
7992602
5965605
61074996
8271791
89324753
45071636
111266646
98670343
21579156
17019232
341165333
147855974
119638835
74619112
50213974
80621135
42243825
36578553
38385083
59777126
85173101
47151168
23315360
90697708
175267713
171851122
84634474
75761188
38151583
15844143
246569
8087230
117674165
62651511
5574991
90267407
10395741
41007414
5693896
58353428
210824940
66514733
47538173
39964309
59290873
79448431
7814285
300148902
19840648
10456879
13231457
23701516
593499
73892257
105861329
84420266
48451969
8058534
25574084
2489667
23431655
11754820
276090150
93722904
18152697
25405043
77823022
195532513
30535494
25488542
416283061
227454221
40907284
156116860
87856653
47810791
13835226
84456126
31017601
31484091
153667714
135227229
457988
47825530
116131779
221607462
230893052
28398300
38642793
11801004
4708167
33095500
71392030
1286877
34685214
108929973
70147863
82677876
97819623
174842
19277707
3648718
66139985
22696510
179264
74739473
1646915
71529804
111485252
72033323
32060925
6522588
5146362
83810901
10125136
39964007
108359769
1354567
115784066
172131
213762581
108777105
9006023
1180269
46102051
27978681
3342143
27394340
79024497
44480224
182075752
147846500
58193089
5283088
43916842
125076909
3196289
59072108
25674658
50730390
2887116
32165483
74257366
34350315
212450131
37305274
294809739
33623993
11917649
27190333
2095080
8466636
1503750
7174248
42864541
49540212
3160381
40217110
16093530
37439276
4682356
5224743
94017472
90295241
273620582
88109625
13444307
4995196
23249980
149107577
9818518
2541306
48926693
202626443
84653837
193510889
21212634
11243043
41033480
64524336
82811302
87221251
24336931
23579745
72302059
26746189
77531356
2646272
6524659
109713
99656500
45369970
19051049
85536941
114899899
109617484
98878673
63917628
67628085
7390628
168463057
5590483
168525906
182806268
966421
3378398
50480425
125187883
2661357
144789837
198490853
295070709
79058408
12195492
563977
3749609
63452868
38409707
25871761
18617079
77235604
68402530
8002586
219673260
152395346
31910367
195169766
78561691
33524855
19920945
33795579
19922772
42616020
26911573
8865159
12953581
120732438
62385151
196834250
3280097
51416266
63042639
17148148
124323067
13482226
2725786
5913102
24580210
4564975
3685766
76700147
43590764
30472772
16663014
25253840
2892363
9158285
2621933
80504444
223462663
67821821
99323648
133172658
141275471
8102764
6327671
114621388
158181003
44534014
100117180
58310873
10147369
134529294
21477787
5775561
13644924
3186956
18402305
9662375
19174270
7423097
102307453
46009735
56916514
5703409
268960848
11197456
880290
72011931
121645871
58059416
64410064
257758035
8065884
124561674
110853345
22463323
96342106
136888445
78268692
592454
213308000
11641690
43970879
3940031
62380783
62455051
49094762
1041944
85229470
351687126
4246992
28673177
209881980
4178371
12021581
4994108
51320279
24435519
1383065
26996268
14063154
42158483
26727922
562876
6111083
2741342
53992561
58157283
54438538
75311465
152627177
4528158
323926552
77907663
19689519
14450158
173637795
17267234
130896762
33733371
40372308
13553769
33150338
27905505
95744040
13148545
1424140
117766386
78011318
46883066
30859908
79933329
35515218
21039558
191137839
4392300
62244073
147039095
133600814
142523964
4617981
27392305
16378175
191931989
5147081
6215421
39518712
20787705
82597770
28884382
20225771
2284693
66836598
120223990
60574872
7774112
9512623
10335741
58589958
887343
55591910
143981630
69778531
53827058
133400068
36130975
80519190
23486570
13395800
15054474
5928757
59822278
590167
5699227
6542869
7756249
58806970
19092253
10634644
14310318
94587309
28894782
19201061
34534508
306883098
142299915
21179565
2833453
45108114
13002894
194614697
20691987
78984637
11045914
9450898
138876030
16600282
56251869
2029357
119390843
51506107
4450907
454271458
57761394
329349419
12760234
65311319
135873565
19736836
28033690
57371945
14698140
31038095
106400420
6955614
16191404
53715701
23682834
83222685
35083989
6593768
1498870
76157101
68869945
7300083
295234475
2444088
174369286
26904163
130359277
151141291
57824499
24706659
64444179
63492437
76457536
160258262
57397006
18294753
45272333
193680439
52755342
28397606
19716205
77498098
3980254
201251023
35134406
4917121
157978035
9542146
916741
94755114
52890594
52015181
84661149
24986775
6038379
19382995
16298677
36836
54616477
9617437
1684764
41861513
157956027
14060383
11205374
20209032
4560465
6873152
346458
51522961
160986640
1987113
125282860
34030314
7646123
1748350
120690049
158022091
182878821
37004997
17569296
28441054
34568207
125830118
20802886
274617849
2541700
1238804
261301165
36211135
25007416
65176327
42151478
43892200
23336213
53801499
12572928
52669044
32353839
28396362
111974366
51929126
8868182
6722080
3239543
15381480
55069349
62455802
3138245
105227994
10352451
94638
114854318
87924123
11316868
1605902
52868532
88981409
244377655
10953432
40313875
126787841
4609173
181036581
90728612
25758684
33339654
46976020
367807470
22117247
15214185
4051552
15597940
39087699
46220022
820072
23364123
226632
4483436
3568899
82208516
17783079
61486887
6471011
26352339
73348494
103092676
9107520
2027625
8212360
21358310
17862559
18237936
56909054
104053253
11957056
11623944
150911206
6126654
33535954
213259142
146637439
8045985
213322113
2150293
71889353
34994623
80006193
6791015
74531311
71040573
65723442
13044570
13951785
68289209
63189125
35998100
114158947
139368003
94389380
425394948
4092572
74769067
45561117
120760171
17853140
90611490
40339114
104040751
36987269
19934
14555475
27385233
27582325
9604049
4862060
24128831
51141907
15487086
99644166
20543755
4353577
43053529
81921064
42381644
135224642
17610060
13180519
281751772
10391471
103289058
23484895
1681090
87087261
12010311
54532743
4908842
12585959
14990203
64560352
151506743
22322058
48676753
26083543
383653628
3755645
213393238
14779548
10625133
10832164
36624706
156603997
14255531
18207054
25071328
12009142
115537318
277979229
21949058
406547108
104032557
63726175
6093057
143445933
13886369
118842919
35361529
288544905
84749618
21705536
93604536
73417213
28067052
190626852
34351455
212442211
3018304
162848390
24210214
9193289
193151996
205768322
21155243
224849448
34228357
96827787
150864577
4401059
28421775
32426320
106716576
149240217
241043654
166658931
257396311
102661486
87065710
13565882
5154558
25488013
9576
28993265
86150708
16697096
23918572
4818321
283214227
20009394
52642333
16988444
26978291
302293563
72698243
10631464
38901179
35477565
102439006
46762565
31893378
163045058
1140958
1417625
13163295
84759440
176808475
16932441
17183555
12060536
352562
43109315
19509358
24792324
156375748
17214459
33580243
21448418
340011904
44716076
45198681
5209802
24216571
10939825
44959137
29703089
11610424
34380042
26814086
125143524
14168074
84538190
21739897
5314829
38809554
126478126
138261100
54937122
167435250
280556806
160770004
62176835
275059577
123023118
93381935
61272
10194095
55473956
109375568
37681814
40999389
20097595
23060297
13151355
35469907
71447268
195860497
149587400
2136882
218164180
83560996
153332277
7987138
2369834
734674
6704826
244340242
136402168
36327876
85559890
147274166
60918562
191931702
67764093
8999057
17000933
163436029
6737750
73471322
2444776
21942575
91757711
103762588
53583479
3136091
19486181
55249945
144049388
128144343
75653313
6167418
165579360
136368329
26187276
32342161
213116742
24284412
4263518
79019896
19332086
116237535
42373689
11889247
12875936
41842417
160147024
16982577
71771100
8101082
318157537
104579777
6650832
41559018
56689242
82187283
48465970
27766193
80541336
170220153
1214724
9520835
30084618
112722511
95083810
23906627
14041792
386247134
2920357
174517809
21022876
57375019
10455138
46733491
2828670
217238603
56985034
180106417
51139953
106372258
15143513
96472161
88445240
27881529
7247916
79327803
8983624
109535655
89816306
92545779
11149754
22214509
1556473
8213798
129568259
197216069
52595730
57274386
146897013
49450935
103674385
4239367
64907137
169575311
48897868
31707895
169931
348873667
8563214
26948245
144985101
3758342
68731837
30309555
196954057
91188112
78641698
1614503
18546223
8711771
65371488
1542316
377474803
97351591
7354934
220877576
89075802
74133070
95837599
42846773
91967116
9663511
169676195
4017074
55458015
887340
25283901
157644808
147651458
5914424
104395510
20849725
105362609
105586826
210248190
125529269
65497205
70590483
230926560
150077701
49228358
60560674
95151582
318534129
72742956
98920577
62477302
86886217
77696
92409573
225435497
97617387
106621736
46793023
38285388
26525111
16122247
35385871
16427327
24278885
34618146
496538
3282950
2865456
148477334
14959576
127243367
106079590
113263838
881671
4863044
56201843
33935305
167385851
20228766
45764647
31903806
7517376
23431110
110434097
70828982
25372550
45794402
377666
13757114
87000968
127832268
50560742
123770325
66233821
681282
7090401
164794824
120000636
550349
20941586
135027661
112871646
116837177
12106657
162487820
1375879
3617413
165020082
31028097
140415803
23317437
75692259
45114652
51485483
4087523
122679882
139491314
31534098
28652850
394980951
24271458
19279338
7652246
50121213
184044933
3449996
8030646
190463312
158007273
22491915
4306231
77149320
157577913
30022326
19853327
2994809
49020880
64895753
300267836
40649646
29049349
91068003
7250190
142423773
15379826
37287731
8786563
51190098
84553289
334469188
26154804
304876168
191842435
49677225
129751810
3227593
145494635
101452500
1871681
9382
8338444
148174127
17793085
155691939
44114543
91550043
2635688
55582407
14109383
21780592
26835240
42358131
6832754
222170736
122554043
13143338
35406686
40266797
866782
65996521
12776339
94397508
40653274
7373970
23530256
4016766
89932102
18519121
188038789
59258369
215592453
31250985
48177700
83570339
9439413
121344498
125959820
316370467
21171444
3049510
39260054
38417517
67709926
76544986
7524707
24977263
42960832
28968800
8618844
35036343
6467618
189557419
5569447
45559215
12029204
14063884
8025686
235541626
63444334
50253436
3481476
57009732
35313106
17870352
31769464
130834085
204670305
2288985
88425870
78729285
31921125
45242624
11724378
4267154
47563571
42181757
141250900
199550786
5112712
14908398
13992318
155981501
107989133
116672247
222487712
57969226
256331269
17652017
195414128
260251028
82605600
57239435
18776771
12349171
33100108
83618631
90492004
2087093
3578082
115497
53803795
334116018
44034904
42553873
59820752
29830473
306470035
79189311
77479910
218061811
10669566
128872684
8012722
10137013
64425447
107697909
72104161
2343998
76435037
354038461
1996693
81374426
138437268
18915847
209413193
272152624
105945848
57753096
108258668
14925124
29846952
11483312
84680061
45175357
7623041
63601926
34155206
156849172
8838784
102557608
22890268
9844775
26736580
95581423
9557633
80649199
20400672
3961368
71655888
6600678
4642835
31974496
74378843
2254800
5360489
106228495
24436464
73755990
65967519
6609253
241994511
4309710
57717189
77546621
18302295
92562296
13438589
34706097
19494395
8665398
165065102
64266524
9445032
36850122
109732725
10655503
393020837
60599613
103156867
222481580
192361760
199277094
188552278
87433484
122244373
74544877
60027220
290210253
194131178
8940664
101003014
6079721
17102473
33209403
38577952
60925480
33606865
42624336
237911146
11703760
1250498
4356835
33224478
84365596
115162711
42005463
1732572
106030103
4315706
73010750
74254260
209879662
187340762
106313563
333070
114755303
29556295
110572236
16836815
43987481
279461699
24501705
165725521
32387247
9681682
5496530
73166409
6509145
198096724
98245307
27173038
85032041
35923081
179363751
98985818
78152536
80168051
6155323
1970503
248706064
24546475
31468429
1821974
15325953
5706809
26880133
76058371
39067818
12030491
96092939
26670783
40148949
92693526
36125808
139433475
55145380
2273087
122534293
4698013
223574748
181278739
3017243
68556147
242619518
53946403
22913743
11453959
19264101
16133124
52406620
32609605
34284075
34860025
194918693
70206645
95303530
441259762
123114749
4926838
11042348
203068711
8826650
39666490
102375744
234609171
13068932
42559871
19008960
241235042
4849354
28566884
117496679
11503905
36011302
149890562
110379713
979400
31804053
160519843
2303754
83910408
38855889
155990930
7364383
87869094
14379147
41462342
105162780
70481768
414770
14473699
8464995
20009996
88014770
476105080
224699025
20020406
57709960
66096468
9067557
6941622
42335586
2795811
103117432
296687
34495144
9529896
62089056
194216254
26837965
17774117
121636450
21612014
143712612
25825741
22113789
19357242
54841934
1681790
72912
253564816
74998982
167012214
82007448
19120790
37622006
290925229
4808686
178244925
92880920
23777426
543030
31606665
24399613
110404627
276844781
24773309
53672675
11124440
152232534
163688454
44953582
195041544
111593076
21776205
34511398
15877970
33018755
24734370
72765905
44108840
86677332
54986376
87465983
104343343
8475262
16049205
13237270
3951321
1788049
419720757
155465325
193200951
216484933
13300310
97143603
77611693
15684689
20358
112964284
30252944
70063418
93202362
15907835
139437181
6689396
76393041
35735674
101009848
12814852
58049639
171104921
38151513
4760123
21142730
113095611
9424345
32220357
18624699
171782718
12989785
9758733
41843230
1251811
56183478
152297610
77874102
162765815
114977480
105315137
77467240
78423083
7014176
4428493
10162219
84540906
151174414
300792359
160773776
271872943
181406196
12263244
168231361
38242038
89609005
28409954
42174209
105167189
289873197
18057354
55981401
113762144
16317101
40792402
87634259
63636167
106385939
95535257
47005604
41840695
223987783
250389053
23497201
23750512
6131443
46836496
321931790
11373345
103834305
25988817
16840073
8176218
50856569
8610085
69580476
12245546
18545304
18848541
89624393
241299521
19531696
194161031
111980581
58573491
20075261
210472371
111186350
30537229
90474526
28794272
1260019
3311994
203849301
31897428
241818
13759323
190082943
74507841
23079093
30529689
13340517
151033606
96415367
1836905
417677
50911657
43778567
125010365
40820825
162039828
10022900
66618355
4536950
184861436
33136581
593943
59664644
18491767
49212720
4586137
172426366
54563214
13569332
205620182
89846912
57304046
205237827
1257787
74086958
6745343
90786271
24517149
63738273
117199235
70017009
169237941
5492464
118736942
32941754
81818079
189819918
56399501
143179053
210880531
364334
66503266
5846592
24936401
70382006
1604959
29680827
71833162
112060679
47394858
10683609
311337640
18809373
41111679
91998149
114122409
20749905
18568440
12688032
183807042
8737740
74344510
6719701
124534822
41382369
271049923
97776146
81672526
18797494
113969934
25828830
10286256
106891561
100292747
162127610
52216475
738656
381488597
65339959
13870889
24108840
77368483
40698189
33721108
224141730
467205886
314141
40499513
80438466
172881643
129335851
19913134
364834915
239956570
79910367
25469817
8374475
134418625
114462742
86917780
16412865
82406995
309314660
208252637
11380932
35895163
135253331
68781287
14331236
210703280
27921475
159705799
28032736
75311368
6400787
30542476
131014931
67791552
69200569
117946311
73485180
49906763
61352126
64850540
4924623
97646817
839515
15233733
116344666
182983783
66381972
25865708
61270045
167432822
97911323
296874841
256414971
70190526
2618693
100784241
4123194
24873268
19069433
20629554
41736188
1800482
238922313
25676992
135239316
77897848
49875218
206955075
27052297
94061832
54274705
132125137
12252903
16883297
7122048
31374011
1477026
200980726
66144681
17694160
56858125
260537200
16867298
75746033
1071993
179065821
6731978
65335999
54192750
59959551
285976421
43026710
49104846
39385352
145376272
85341772
22790343
15443948
3656193
466471381
154361076
48387616
15055940
95969323
96021169
5208140
76885372
68015210
11097571
193492859
3431895
21867476
16321027
22878067
51117161
59040134
152562111
3165803
115118446
897555
32440065
11105696
18139881
120944332
8758809
46829177
161028916
42104317
124371534
69179456
79664824
33311387
141475356
141640924
208686537
40937219
4874085
196337565
185930217
101247482
45191947
3210397
6559211
9763031
71663404
72441595
1632438
39366184
76248452
49783634
24650485
256675635
59147996
78416459
57595944
33178414
113586204
95880843
1753780
7619818
260106841
54146343
80327600
10052702
5311599
80695723
49705058
221091865
28315895
121662520
13459425
74640694
55764307
141300826
9822361
13667461
203927265
60713146
5160896
30251956
82690967
19613211
97168863
71096379
202526090
306284850
40328571
14076833
11732078
197624045
6474270
105294126
189597961
10147649
16209725
218501967
1432471
10459543
5824416
48768375
54383676
53615738
19351615
85725730
7986862
12358077
5417639
69501129
163788243
198033656
203764524
140606927
158181739
73277658
26081942
1276500
232835808
8463143
107032486
13551518
462629
264154189
39721963
7830903
247817477
114998882
84030503
134886744
43395097
136664464
260751310
149388904
227014924
31564857
33560129
96761735
25241728
340560748
167184095
7040353
71691688
1059522
2773435
67681
112901339
69523421
34399085
271802957
8281422
58660173
1909386
36178046
119608292
85669271
282941782
298345349
169407308
18104176
34414658
3649827
8971828
65080972
45327537
98175424
202636851
123883870
17909912
4617867
49089886
36585217
115865963
92531075
20584083
56480134
248799371
75052915
594967
112432855
213098
178413791
8821483
130446733
27252303
79679966
152981978
102780333
106502195
25640546
29774368
233859921
14667858
104278240
2052632
25362070
171720789
204709509
85363857
15831901
50714491
8487552
36643800
24168859
80055224
140051194
27506329
16602568
213958822
4276141
2396253
7139348
9841937
417742
55157141
31280014
17456106
57973131
14955715
11562827
165912594
22201015
334731713
12606399
140028362
56282079
139574361
7724632
93146704
83566337
342559655
15740793
92943351
72632557
137042509
102883651
4457239
1288941
52197567
2500424
11420913
30087781
2838995
13881722
68002653
82670955
315053118
4781442
1096488
11726920
332591430
388728482
587571
8319527
49330589
249395021
49687035
307763069
20701568
262625445
92003372
101568072
197948516
639619
163782145
3123047
164664473
14592773
37129944
144551554
2047541
7744850
28287908
159600115
6457854
90496462
2203085
70758245
156696347
78612353
24352762
289044375
196917034
19389511
287787092
10014904
21951371
60923001
6022041
106182742
168431882
323089121
33114993
214296973
37995953
11297508
23050184
4686325
10143593
8867913
5342969
87312792
43770342
162542507
368224739
63333711
251071563
4800880
64341422
59405696
70716544
39982154
5271814
79058840
54402115
136091227
30623760
126280832
237995758
158768084
14986008
261105336
4045595
31225547
7938822
3961838
47522800
20872167
14952064
4420291
169236335
156604696
4818699
76761125
28075724
268723247
